Mensaje I / 00:00:00:000 / Root(00) para top(01)
Mensaje I / 00:00:00:000 / top(01) para coverage_plan_manager(02)
Mensaje D / 00:00:00:000 / coverage_plan_manager(02) / ... para top(01)
Mensaje D / 00:00:00:000 / top(01) / ... para Root(00)
Mensaje X / 00:15:10:000 / Root(00) / call_in /    150.00000 para top(01)
Mensaje X / 00:15:10:000 / top(01) / call_in /    150.00000 para coverage_plan_manager(02)
Mensaje D / 00:15:10:000 / coverage_plan_manager(02) / 00:00:03:975 para top(01)
Mensaje D / 00:15:10:000 / top(01) / 00:00:03:975 para Root(00)
Mensaje * / 00:15:13:975 / Root(00) para top(01)
Mensaje * / 00:15:13:975 / top(01) para coverage_plan_manager(02)
Mensaje Y / 00:15:13:975 / coverage_plan_manager(02) / request_validation /    150.00000 para top(01)
Mensaje D / 00:15:13:975 / coverage_plan_manager(02) / ... para top(01)
Mensaje Y / 00:15:13:975 / top(01) / request_validation /    150.00000 para Root(00)
Mensaje D / 00:15:13:975 / top(01) / ... para Root(00)
Mensaje X / 00:20:15:000 / Root(00) / call_in /    234.00000 para top(01)
Mensaje X / 00:20:15:000 / top(01) / call_in /    234.00000 para coverage_plan_manager(02)
Mensaje D / 00:20:15:000 / coverage_plan_manager(02) / 00:00:01:592 para top(01)
Mensaje D / 00:20:15:000 / top(01) / 00:00:01:592 para Root(00)
Mensaje * / 00:20:16:592 / Root(00) para top(01)
Mensaje * / 00:20:16:592 / top(01) para coverage_plan_manager(02)
Mensaje Y / 00:20:16:592 / coverage_plan_manager(02) / plan_ok /    234.00000 para top(01)
Mensaje D / 00:20:16:592 / coverage_plan_manager(02) / ... para top(01)
Mensaje Y / 00:20:16:592 / top(01) / plan_ok /    234.00000 para Root(00)
Mensaje D / 00:20:16:592 / top(01) / ... para Root(00)
Mensaje X / 00:26:17:000 / Root(00) / call_in /    654.00000 para top(01)
Mensaje X / 00:26:17:000 / top(01) / call_in /    654.00000 para coverage_plan_manager(02)
Mensaje D / 00:26:17:000 / coverage_plan_manager(02) / 00:00:01:915 para top(01)
Mensaje D / 00:26:17:000 / top(01) / 00:00:01:915 para Root(00)
Mensaje * / 00:26:18:915 / Root(00) para top(01)
Mensaje * / 00:26:18:915 / top(01) para coverage_plan_manager(02)
Mensaje Y / 00:26:18:915 / coverage_plan_manager(02) / plan_ok /    654.00000 para top(01)
Mensaje D / 00:26:18:915 / coverage_plan_manager(02) / ... para top(01)
Mensaje Y / 00:26:18:915 / top(01) / plan_ok /    654.00000 para Root(00)
Mensaje D / 00:26:18:915 / top(01) / ... para Root(00)
