Mensaje I / 00:00:00:000 / Root(00) para top(01)
Mensaje I / 00:00:00:000 / top(01) para financial_queue(02)
Mensaje D / 00:00:00:000 / financial_queue(02) / ... para top(01)
Mensaje D / 00:00:00:000 / top(01) / ... para Root(00)
Mensaje X / 00:30:00:000 / Root(00) / call_in /    777.00000 para top(01)
Mensaje X / 00:30:00:000 / top(01) / call_in /    777.00000 para financial_queue(02)
Mensaje D / 00:30:00:000 / financial_queue(02) / ... para top(01)
Mensaje D / 00:30:00:000 / top(01) / ... para Root(00)
Mensaje X / 00:30:00:000 / Root(00) / call_in /    590.00000 para top(01)
Mensaje X / 00:30:00:000 / top(01) / call_in /    590.00000 para financial_queue(02)
Mensaje D / 00:30:00:000 / financial_queue(02) / ... para top(01)
Mensaje D / 00:30:00:000 / top(01) / ... para Root(00)
Mensaje X / 00:32:00:000 / Root(00) / call_in /    800.00000 para top(01)
Mensaje X / 00:32:00:000 / top(01) / call_in /    800.00000 para financial_queue(02)
Mensaje D / 00:32:00:000 / financial_queue(02) / ... para top(01)
Mensaje D / 00:32:00:000 / top(01) / ... para Root(00)
Mensaje X / 00:35:00:000 / Root(00) / release_next /      1.00000 para top(01)
Mensaje X / 00:35:00:000 / top(01) / release_next /      1.00000 para financial_queue(02)
Mensaje D / 00:35:00:000 / financial_queue(02) / 00:00:03:975 para top(01)
Mensaje D / 00:35:00:000 / top(01) / 00:00:03:975 para Root(00)
Mensaje * / 00:35:03:975 / Root(00) para top(01)
Mensaje * / 00:35:03:975 / top(01) para financial_queue(02)
Mensaje Y / 00:35:03:975 / financial_queue(02) / fq_out /    777.00000 para top(01)
Mensaje D / 00:35:03:975 / financial_queue(02) / ... para top(01)
Mensaje Y / 00:35:03:975 / top(01) / fq_out /    777.00000 para Root(00)
Mensaje D / 00:35:03:975 / top(01) / ... para Root(00)
Mensaje X / 00:40:00:000 / Root(00) / call_in /    444.00000 para top(01)
Mensaje X / 00:40:00:000 / top(01) / call_in /    444.00000 para financial_queue(02)
Mensaje D / 00:40:00:000 / financial_queue(02) / ... para top(01)
Mensaje D / 00:40:00:000 / top(01) / ... para Root(00)
Mensaje X / 00:45:00:000 / Root(00) / release_next /      1.00000 para top(01)
Mensaje X / 00:45:00:000 / top(01) / release_next /      1.00000 para financial_queue(02)
Mensaje D / 00:45:00:000 / financial_queue(02) / 00:00:01:592 para top(01)
Mensaje D / 00:45:00:000 / top(01) / 00:00:01:592 para Root(00)
Mensaje * / 00:45:01:592 / Root(00) para top(01)
Mensaje * / 00:45:01:592 / top(01) para financial_queue(02)
Mensaje Y / 00:45:01:592 / financial_queue(02) / fq_out /    590.00000 para top(01)
Mensaje D / 00:45:01:592 / financial_queue(02) / ... para top(01)
Mensaje Y / 00:45:01:592 / top(01) / fq_out /    590.00000 para Root(00)
Mensaje D / 00:45:01:592 / top(01) / ... para Root(00)
Mensaje X / 00:46:00:000 / Root(00) / release_next /      1.00000 para top(01)
Mensaje X / 00:46:00:000 / top(01) / release_next /      1.00000 para financial_queue(02)
Mensaje D / 00:46:00:000 / financial_queue(02) / 00:00:01:915 para top(01)
Mensaje D / 00:46:00:000 / top(01) / 00:00:01:915 para Root(00)
Mensaje * / 00:46:01:915 / Root(00) para top(01)
Mensaje * / 00:46:01:915 / top(01) para financial_queue(02)
Mensaje Y / 00:46:01:915 / financial_queue(02) / fq_out /    800.00000 para top(01)
Mensaje D / 00:46:01:915 / financial_queue(02) / ... para top(01)
Mensaje Y / 00:46:01:915 / top(01) / fq_out /    800.00000 para Root(00)
Mensaje D / 00:46:01:915 / top(01) / ... para Root(00)
