Mensaje I / 00:00:00:000 / Root(00) para top(01)
Mensaje I / 00:00:00:000 / top(01) para coverage_plan_manager(02)
Mensaje I / 00:00:00:000 / top(01) para validation(03)
Mensaje D / 00:00:00:000 / coverage_plan_manager(02) / ... para top(01)
Mensaje D / 00:00:00:000 / validation(03) / ... para top(01)
Mensaje D / 00:00:00:000 / top(01) / ... para Root(00)
Mensaje X / 00:10:10:000 / Root(00) / call_in /    150.00000 para top(01)
Mensaje X / 00:10:10:000 / top(01) / call_in /    150.00000 para coverage_plan_manager(02)
Mensaje D / 00:10:10:000 / coverage_plan_manager(02) / 00:00:03:975 para top(01)
Mensaje D / 00:10:10:000 / top(01) / 00:00:03:975 para Root(00)
Mensaje * / 00:10:13:975 / Root(00) para top(01)
Mensaje * / 00:10:13:975 / top(01) para coverage_plan_manager(02)
Mensaje Y / 00:10:13:975 / coverage_plan_manager(02) / request_validation /    150.00000 para top(01)
Mensaje D / 00:10:13:975 / coverage_plan_manager(02) / ... para top(01)
Mensaje X / 00:10:13:975 / top(01) / request_validation /    150.00000 para validation(03)
Mensaje D / 00:10:13:975 / validation(03) / 00:03:00:000 para top(01)
Mensaje D / 00:10:13:975 / top(01) / 00:03:00:000 para Root(00)
Mensaje * / 00:13:13:975 / Root(00) para top(01)
Mensaje * / 00:13:13:975 / top(01) para validation(03)
Mensaje Y / 00:13:13:975 / validation(03) / result /      1.00000 para top(01)
Mensaje D / 00:13:13:975 / validation(03) / ... para top(01)
Mensaje X / 00:13:13:975 / top(01) / validation_result /      1.00000 para coverage_plan_manager(02)
Mensaje D / 00:13:13:975 / coverage_plan_manager(02) / 00:00:01:592 para top(01)
Mensaje D / 00:13:13:975 / top(01) / 00:00:01:592 para Root(00)
Mensaje * / 00:13:15:567 / Root(00) para top(01)
Mensaje * / 00:13:15:567 / top(01) para coverage_plan_manager(02)
Mensaje Y / 00:13:15:567 / coverage_plan_manager(02) / plan_ok /    150.00000 para top(01)
Mensaje D / 00:13:15:567 / coverage_plan_manager(02) / ... para top(01)
Mensaje Y / 00:13:15:567 / top(01) / plan_ok /    150.00000 para Root(00)
Mensaje D / 00:13:15:567 / top(01) / ... para Root(00)
Mensaje X / 00:15:25:000 / Root(00) / call_in /    234.00000 para top(01)
Mensaje X / 00:15:25:000 / top(01) / call_in /    234.00000 para coverage_plan_manager(02)
Mensaje D / 00:15:25:000 / coverage_plan_manager(02) / 00:00:01:915 para top(01)
Mensaje D / 00:15:25:000 / top(01) / 00:00:01:915 para Root(00)
Mensaje * / 00:15:26:915 / Root(00) para top(01)
Mensaje * / 00:15:26:915 / top(01) para coverage_plan_manager(02)
Mensaje Y / 00:15:26:915 / coverage_plan_manager(02) / request_validation /    234.00000 para top(01)
Mensaje D / 00:15:26:915 / coverage_plan_manager(02) / ... para top(01)
Mensaje X / 00:15:26:915 / top(01) / request_validation /    234.00000 para validation(03)
Mensaje D / 00:15:26:915 / validation(03) / 00:03:00:000 para top(01)
Mensaje D / 00:15:26:915 / top(01) / 00:03:00:000 para Root(00)
Mensaje * / 00:18:26:915 / Root(00) para top(01)
Mensaje * / 00:18:26:915 / top(01) para validation(03)
Mensaje Y / 00:18:26:915 / validation(03) / result /      1.00000 para top(01)
Mensaje D / 00:18:26:915 / validation(03) / ... para top(01)
Mensaje X / 00:18:26:915 / top(01) / validation_result /      1.00000 para coverage_plan_manager(02)
Mensaje D / 00:18:26:915 / coverage_plan_manager(02) / 00:00:04:070 para top(01)
Mensaje D / 00:18:26:915 / top(01) / 00:00:04:070 para Root(00)
Mensaje * / 00:18:30:985 / Root(00) para top(01)
Mensaje * / 00:18:30:985 / top(01) para coverage_plan_manager(02)
Mensaje Y / 00:18:30:985 / coverage_plan_manager(02) / plan_ok /    234.00000 para top(01)
Mensaje D / 00:18:30:985 / coverage_plan_manager(02) / ... para top(01)
Mensaje Y / 00:18:30:985 / top(01) / plan_ok /    234.00000 para Root(00)
Mensaje D / 00:18:30:985 / top(01) / ... para Root(00)
Mensaje X / 00:20:37:000 / Root(00) / call_in /    654.00000 para top(01)
Mensaje X / 00:20:37:000 / top(01) / call_in /    654.00000 para coverage_plan_manager(02)
Mensaje D / 00:20:37:000 / coverage_plan_manager(02) / 00:00:02:365 para top(01)
Mensaje D / 00:20:37:000 / top(01) / 00:00:02:365 para Root(00)
Mensaje * / 00:20:39:365 / Root(00) para top(01)
Mensaje * / 00:20:39:365 / top(01) para coverage_plan_manager(02)
Mensaje Y / 00:20:39:365 / coverage_plan_manager(02) / request_validation /    654.00000 para top(01)
Mensaje D / 00:20:39:365 / coverage_plan_manager(02) / ... para top(01)
Mensaje X / 00:20:39:365 / top(01) / request_validation /    654.00000 para validation(03)
Mensaje D / 00:20:39:365 / validation(03) / 00:03:00:000 para top(01)
Mensaje D / 00:20:39:365 / top(01) / 00:03:00:000 para Root(00)
Mensaje * / 00:23:39:365 / Root(00) para top(01)
Mensaje * / 00:23:39:365 / top(01) para validation(03)
Mensaje Y / 00:23:39:365 / validation(03) / result /      1.00000 para top(01)
Mensaje D / 00:23:39:365 / validation(03) / ... para top(01)
Mensaje X / 00:23:39:365 / top(01) / validation_result /      1.00000 para coverage_plan_manager(02)
Mensaje D / 00:23:39:365 / coverage_plan_manager(02) / 00:00:04:321 para top(01)
Mensaje D / 00:23:39:365 / top(01) / 00:00:04:321 para Root(00)
Mensaje * / 00:23:43:686 / Root(00) para top(01)
Mensaje * / 00:23:43:686 / top(01) para coverage_plan_manager(02)
Mensaje Y / 00:23:43:686 / coverage_plan_manager(02) / plan_ok /    654.00000 para top(01)
Mensaje D / 00:23:43:686 / coverage_plan_manager(02) / ... para top(01)
Mensaje Y / 00:23:43:686 / top(01) / plan_ok /    654.00000 para Root(00)
Mensaje D / 00:23:43:686 / top(01) / ... para Root(00)
