Mensaje I / 00:00:00:000 / Root(00) para top(01)
Mensaje I / 00:00:00:000 / top(01) para financial_queue_control(02)
Mensaje D / 00:00:00:000 / financial_queue_control(02) / 00:00:03:975 para top(01)
Mensaje D / 00:00:00:000 / top(01) / 00:00:03:975 para Root(00)
Mensaje * / 00:00:03:975 / Root(00) para top(01)
Mensaje * / 00:00:03:975 / top(01) para financial_queue_control(02)
Mensaje Y / 00:00:03:975 / financial_queue_control(02) / control_out /      1.00000 para top(01)
Mensaje D / 00:00:03:975 / financial_queue_control(02) / ... para top(01)
Mensaje Y / 00:00:03:975 / top(01) / control_out /      1.00000 para Root(00)
Mensaje D / 00:00:03:975 / top(01) / ... para Root(00)
Mensaje X / 00:30:00:000 / Root(00) / control_in /    434.00000 para top(01)
Mensaje X / 00:30:00:000 / top(01) / control_in /    434.00000 para financial_queue_control(02)
Mensaje D / 00:30:00:000 / financial_queue_control(02) / 00:00:01:592 para top(01)
Mensaje D / 00:30:00:000 / top(01) / 00:00:01:592 para Root(00)
Mensaje * / 00:30:01:592 / Root(00) para top(01)
Mensaje * / 00:30:01:592 / top(01) para financial_queue_control(02)
Mensaje Y / 00:30:01:592 / financial_queue_control(02) / control_out /      1.00000 para top(01)
Mensaje D / 00:30:01:592 / financial_queue_control(02) / ... para top(01)
Mensaje Y / 00:30:01:592 / top(01) / control_out /      1.00000 para Root(00)
Mensaje D / 00:30:01:592 / top(01) / ... para Root(00)
