Mensaje I / 00:00:00:000 / Root(00) para top(01)
Mensaje I / 00:00:00:000 / top(01) para financial_queue(02)
Mensaje I / 00:00:00:000 / top(01) para financial_queue_control(03)
Mensaje I / 00:00:00:000 / top(01) para financial_manager(04)
Mensaje D / 00:00:00:000 / financial_queue(02) / ... para top(01)
Mensaje D / 00:00:00:000 / financial_queue_control(03) / 00:00:03:975 para top(01)
Mensaje I / 00:00:00:000 / financial_manager(04) para coverage_plan_manager(05)
Mensaje I / 00:00:00:000 / financial_manager(04) para validation(06)
Mensaje D / 00:00:00:000 / coverage_plan_manager(05) / ... para financial_manager(04)
Mensaje D / 00:00:00:000 / validation(06) / ... para financial_manager(04)
Mensaje D / 00:00:00:000 / financial_manager(04) / ... para top(01)
Mensaje D / 00:00:00:000 / top(01) / 00:00:03:975 para Root(00)
Mensaje * / 00:00:03:975 / Root(00) para top(01)
Mensaje * / 00:00:03:975 / top(01) para financial_queue_control(03)
Mensaje Y / 00:00:03:975 / financial_queue_control(03) / control_out /      1.00000 para top(01)
Mensaje D / 00:00:03:975 / financial_queue_control(03) / ... para top(01)
Mensaje X / 00:00:03:975 / top(01) / release_next /      1.00000 para financial_queue(02)
Mensaje D / 00:00:03:975 / financial_queue(02) / ... para top(01)
Mensaje D / 00:00:03:975 / top(01) / ... para Root(00)
Mensaje X / 00:10:00:000 / Root(00) / call_in /    430.00000 para top(01)
Mensaje X / 00:10:00:000 / top(01) / call_in /    430.00000 para financial_queue(02)
Mensaje D / 00:10:00:000 / financial_queue(02) / 00:00:01:592 para top(01)
Mensaje D / 00:10:00:000 / top(01) / 00:00:01:592 para Root(00)
Mensaje * / 00:10:01:592 / Root(00) para top(01)
Mensaje * / 00:10:01:592 / top(01) para financial_queue(02)
Mensaje Y / 00:10:01:592 / financial_queue(02) / fq_out /    430.00000 para top(01)
Mensaje D / 00:10:01:592 / financial_queue(02) / ... para top(01)
Mensaje X / 00:10:01:592 / top(01) / call_in /    430.00000 para financial_manager(04)
Mensaje X / 00:10:01:592 / financial_manager(04) / call_in /    430.00000 para coverage_plan_manager(05)
Mensaje D / 00:10:01:592 / coverage_plan_manager(05) / 00:00:01:915 para financial_manager(04)
Mensaje D / 00:10:01:592 / financial_manager(04) / 00:00:01:915 para top(01)
Mensaje D / 00:10:01:592 / top(01) / 00:00:01:915 para Root(00)
Mensaje * / 00:10:03:507 / Root(00) para top(01)
Mensaje * / 00:10:03:507 / top(01) para financial_manager(04)
Mensaje * / 00:10:03:507 / financial_manager(04) para coverage_plan_manager(05)
Mensaje Y / 00:10:03:507 / coverage_plan_manager(05) / request_validation /    430.00000 para financial_manager(04)
Mensaje D / 00:10:03:507 / coverage_plan_manager(05) / ... para financial_manager(04)
Mensaje X / 00:10:03:507 / financial_manager(04) / request_validation /    430.00000 para validation(06)
Mensaje D / 00:10:03:507 / validation(06) / 00:03:00:000 para financial_manager(04)
Mensaje D / 00:10:03:507 / financial_manager(04) / 00:03:00:000 para top(01)
Mensaje D / 00:10:03:507 / top(01) / 00:03:00:000 para Root(00)
Mensaje * / 00:13:03:507 / Root(00) para top(01)
Mensaje * / 00:13:03:507 / top(01) para financial_manager(04)
Mensaje * / 00:13:03:507 / financial_manager(04) para validation(06)
Mensaje Y / 00:13:03:507 / validation(06) / result /      1.00000 para financial_manager(04)
Mensaje D / 00:13:03:507 / validation(06) / ... para financial_manager(04)
Mensaje X / 00:13:03:507 / financial_manager(04) / validation_result /      1.00000 para coverage_plan_manager(05)
Mensaje D / 00:13:03:507 / coverage_plan_manager(05) / 00:00:04:070 para financial_manager(04)
Mensaje D / 00:13:03:507 / financial_manager(04) / 00:00:04:070 para top(01)
Mensaje D / 00:13:03:507 / top(01) / 00:00:04:070 para Root(00)
Mensaje * / 00:13:07:577 / Root(00) para top(01)
Mensaje * / 00:13:07:577 / top(01) para financial_manager(04)
Mensaje * / 00:13:07:577 / financial_manager(04) para coverage_plan_manager(05)
Mensaje Y / 00:13:07:577 / coverage_plan_manager(05) / plan_ok /    430.00000 para financial_manager(04)
Mensaje D / 00:13:07:577 / coverage_plan_manager(05) / ... para financial_manager(04)
Mensaje Y / 00:13:07:577 / financial_manager(04) / plan_ok /    430.00000 para top(01)
Mensaje D / 00:13:07:577 / financial_manager(04) / ... para top(01)
Mensaje Y / 00:13:07:577 / top(01) / done /    430.00000 para Root(00)
Mensaje X / 00:13:07:577 / top(01) / control_in /    430.00000 para financial_queue_control(03)
Mensaje D / 00:13:07:577 / financial_queue_control(03) / 00:00:02:365 para top(01)
Mensaje D / 00:13:07:577 / top(01) / 00:00:02:365 para Root(00)
Mensaje * / 00:13:09:942 / Root(00) para top(01)
Mensaje * / 00:13:09:942 / top(01) para financial_queue_control(03)
Mensaje Y / 00:13:09:942 / financial_queue_control(03) / control_out /      1.00000 para top(01)
Mensaje D / 00:13:09:942 / financial_queue_control(03) / ... para top(01)
Mensaje X / 00:13:09:942 / top(01) / release_next /      1.00000 para financial_queue(02)
Mensaje D / 00:13:09:942 / financial_queue(02) / ... para top(01)
Mensaje D / 00:13:09:942 / top(01) / ... para Root(00)
Mensaje X / 00:15:00:000 / Root(00) / call_in /    234.00000 para top(01)
Mensaje X / 00:15:00:000 / top(01) / call_in /    234.00000 para financial_queue(02)
Mensaje D / 00:15:00:000 / financial_queue(02) / 00:00:04:321 para top(01)
Mensaje D / 00:15:00:000 / top(01) / 00:00:04:321 para Root(00)
Mensaje * / 00:15:04:321 / Root(00) para top(01)
Mensaje * / 00:15:04:321 / top(01) para financial_queue(02)
Mensaje Y / 00:15:04:321 / financial_queue(02) / fq_out /    234.00000 para top(01)
Mensaje D / 00:15:04:321 / financial_queue(02) / ... para top(01)
Mensaje X / 00:15:04:321 / top(01) / call_in /    234.00000 para financial_manager(04)
Mensaje X / 00:15:04:321 / financial_manager(04) / call_in /    234.00000 para coverage_plan_manager(05)
Mensaje D / 00:15:04:321 / coverage_plan_manager(05) / 00:00:05:699 para financial_manager(04)
Mensaje D / 00:15:04:321 / financial_manager(04) / 00:00:05:699 para top(01)
Mensaje D / 00:15:04:321 / top(01) / 00:00:05:699 para Root(00)
Mensaje * / 00:15:10:020 / Root(00) para top(01)
Mensaje * / 00:15:10:020 / top(01) para financial_manager(04)
Mensaje * / 00:15:10:020 / financial_manager(04) para coverage_plan_manager(05)
Mensaje Y / 00:15:10:020 / coverage_plan_manager(05) / request_validation /    234.00000 para financial_manager(04)
Mensaje D / 00:15:10:020 / coverage_plan_manager(05) / ... para financial_manager(04)
Mensaje X / 00:15:10:020 / financial_manager(04) / request_validation /    234.00000 para validation(06)
Mensaje D / 00:15:10:020 / validation(06) / 00:03:00:000 para financial_manager(04)
Mensaje D / 00:15:10:020 / financial_manager(04) / 00:03:00:000 para top(01)
Mensaje D / 00:15:10:020 / top(01) / 00:03:00:000 para Root(00)
Mensaje * / 00:18:10:020 / Root(00) para top(01)
Mensaje * / 00:18:10:020 / top(01) para financial_manager(04)
Mensaje * / 00:18:10:020 / financial_manager(04) para validation(06)
Mensaje Y / 00:18:10:020 / validation(06) / result /      1.00000 para financial_manager(04)
Mensaje D / 00:18:10:020 / validation(06) / ... para financial_manager(04)
Mensaje X / 00:18:10:020 / financial_manager(04) / validation_result /      1.00000 para coverage_plan_manager(05)
Mensaje D / 00:18:10:020 / coverage_plan_manager(05) / 00:00:05:310 para financial_manager(04)
Mensaje D / 00:18:10:020 / financial_manager(04) / 00:00:05:310 para top(01)
Mensaje D / 00:18:10:020 / top(01) / 00:00:05:310 para Root(00)
Mensaje * / 00:18:15:330 / Root(00) para top(01)
Mensaje * / 00:18:15:330 / top(01) para financial_manager(04)
Mensaje * / 00:18:15:330 / financial_manager(04) para coverage_plan_manager(05)
Mensaje Y / 00:18:15:330 / coverage_plan_manager(05) / plan_ok /    234.00000 para financial_manager(04)
Mensaje D / 00:18:15:330 / coverage_plan_manager(05) / ... para financial_manager(04)
Mensaje Y / 00:18:15:330 / financial_manager(04) / plan_ok /    234.00000 para top(01)
Mensaje D / 00:18:15:330 / financial_manager(04) / ... para top(01)
Mensaje Y / 00:18:15:330 / top(01) / done /    234.00000 para Root(00)
Mensaje X / 00:18:15:330 / top(01) / control_in /    234.00000 para financial_queue_control(03)
Mensaje D / 00:18:15:330 / financial_queue_control(03) / 00:00:04:892 para top(01)
Mensaje D / 00:18:15:330 / top(01) / 00:00:04:892 para Root(00)
Mensaje * / 00:18:20:222 / Root(00) para top(01)
Mensaje * / 00:18:20:222 / top(01) para financial_queue_control(03)
Mensaje Y / 00:18:20:222 / financial_queue_control(03) / control_out /      1.00000 para top(01)
Mensaje D / 00:18:20:222 / financial_queue_control(03) / ... para top(01)
Mensaje X / 00:18:20:222 / top(01) / release_next /      1.00000 para financial_queue(02)
Mensaje D / 00:18:20:222 / financial_queue(02) / ... para top(01)
Mensaje D / 00:18:20:222 / top(01) / ... para Root(00)
Mensaje X / 00:20:00:000 / Root(00) / call_in /    777.00000 para top(01)
Mensaje X / 00:20:00:000 / top(01) / call_in /    777.00000 para financial_queue(02)
Mensaje D / 00:20:00:000 / financial_queue(02) / 00:00:03:661 para top(01)
Mensaje D / 00:20:00:000 / top(01) / 00:00:03:661 para Root(00)
Mensaje * / 00:20:03:661 / Root(00) para top(01)
Mensaje * / 00:20:03:661 / top(01) para financial_queue(02)
Mensaje Y / 00:20:03:661 / financial_queue(02) / fq_out /    777.00000 para top(01)
Mensaje D / 00:20:03:661 / financial_queue(02) / ... para top(01)
Mensaje X / 00:20:03:661 / top(01) / call_in /    777.00000 para financial_manager(04)
Mensaje X / 00:20:03:661 / financial_manager(04) / call_in /    777.00000 para coverage_plan_manager(05)
Mensaje D / 00:20:03:661 / coverage_plan_manager(05) / 00:00:02:801 para financial_manager(04)
Mensaje D / 00:20:03:661 / financial_manager(04) / 00:00:02:801 para top(01)
Mensaje D / 00:20:03:661 / top(01) / 00:00:02:801 para Root(00)
Mensaje * / 00:20:06:462 / Root(00) para top(01)
Mensaje * / 00:20:06:462 / top(01) para financial_manager(04)
Mensaje * / 00:20:06:462 / financial_manager(04) para coverage_plan_manager(05)
Mensaje Y / 00:20:06:462 / coverage_plan_manager(05) / request_validation /    777.00000 para financial_manager(04)
Mensaje D / 00:20:06:462 / coverage_plan_manager(05) / ... para financial_manager(04)
Mensaje X / 00:20:06:462 / financial_manager(04) / request_validation /    777.00000 para validation(06)
Mensaje D / 00:20:06:462 / validation(06) / 00:03:00:000 para financial_manager(04)
Mensaje D / 00:20:06:462 / financial_manager(04) / 00:03:00:000 para top(01)
Mensaje D / 00:20:06:462 / top(01) / 00:03:00:000 para Root(00)
Mensaje * / 00:23:06:462 / Root(00) para top(01)
Mensaje * / 00:23:06:462 / top(01) para financial_manager(04)
Mensaje * / 00:23:06:462 / financial_manager(04) para validation(06)
Mensaje Y / 00:23:06:462 / validation(06) / result /      0.00000 para financial_manager(04)
Mensaje D / 00:23:06:462 / validation(06) / ... para financial_manager(04)
Mensaje X / 00:23:06:462 / financial_manager(04) / validation_result /      0.00000 para coverage_plan_manager(05)
Mensaje D / 00:23:06:462 / coverage_plan_manager(05) / 00:00:05:374 para financial_manager(04)
Mensaje D / 00:23:06:462 / financial_manager(04) / 00:00:05:374 para top(01)
Mensaje D / 00:23:06:462 / top(01) / 00:00:05:374 para Root(00)
Mensaje * / 00:23:11:836 / Root(00) para top(01)
Mensaje * / 00:23:11:836 / top(01) para financial_manager(04)
Mensaje * / 00:23:11:836 / financial_manager(04) para coverage_plan_manager(05)
Mensaje Y / 00:23:11:836 / coverage_plan_manager(05) / problem /    777.00000 para financial_manager(04)
Mensaje D / 00:23:11:836 / coverage_plan_manager(05) / ... para financial_manager(04)
Mensaje Y / 00:23:11:836 / financial_manager(04) / problem /    777.00000 para top(01)
Mensaje D / 00:23:11:836 / financial_manager(04) / ... para top(01)
Mensaje Y / 00:23:11:836 / top(01) / problem /    777.00000 para Root(00)
Mensaje X / 00:23:11:836 / top(01) / control_in /    777.00000 para financial_queue_control(03)
Mensaje D / 00:23:11:836 / financial_queue_control(03) / 00:00:00:110 para top(01)
Mensaje D / 00:23:11:836 / top(01) / 00:00:00:110 para Root(00)
Mensaje * / 00:23:11:946 / Root(00) para top(01)
Mensaje * / 00:23:11:946 / top(01) para financial_queue_control(03)
Mensaje Y / 00:23:11:946 / financial_queue_control(03) / control_out /      1.00000 para top(01)
Mensaje D / 00:23:11:946 / financial_queue_control(03) / ... para top(01)
Mensaje X / 00:23:11:946 / top(01) / release_next /      1.00000 para financial_queue(02)
Mensaje D / 00:23:11:946 / financial_queue(02) / ... para top(01)
Mensaje D / 00:23:11:946 / top(01) / ... para Root(00)
Mensaje X / 00:25:00:000 / Root(00) / call_in /    998.00000 para top(01)
Mensaje X / 00:25:00:000 / top(01) / call_in /    998.00000 para financial_queue(02)
Mensaje D / 00:25:00:000 / financial_queue(02) / 00:00:05:356 para top(01)
Mensaje D / 00:25:00:000 / top(01) / 00:00:05:356 para Root(00)
Mensaje * / 00:25:05:356 / Root(00) para top(01)
Mensaje * / 00:25:05:356 / top(01) para financial_queue(02)
Mensaje Y / 00:25:05:356 / financial_queue(02) / fq_out /    998.00000 para top(01)
Mensaje D / 00:25:05:356 / financial_queue(02) / ... para top(01)
Mensaje X / 00:25:05:356 / top(01) / call_in /    998.00000 para financial_manager(04)
Mensaje X / 00:25:05:356 / financial_manager(04) / call_in /    998.00000 para coverage_plan_manager(05)
Mensaje D / 00:25:05:356 / coverage_plan_manager(05) / 00:00:05:359 para financial_manager(04)
Mensaje D / 00:25:05:356 / financial_manager(04) / 00:00:05:359 para top(01)
Mensaje D / 00:25:05:356 / top(01) / 00:00:05:359 para Root(00)
Mensaje * / 00:25:10:715 / Root(00) para top(01)
Mensaje * / 00:25:10:715 / top(01) para financial_manager(04)
Mensaje * / 00:25:10:715 / financial_manager(04) para coverage_plan_manager(05)
Mensaje Y / 00:25:10:715 / coverage_plan_manager(05) / request_validation /    998.00000 para financial_manager(04)
Mensaje D / 00:25:10:715 / coverage_plan_manager(05) / ... para financial_manager(04)
Mensaje X / 00:25:10:715 / financial_manager(04) / request_validation /    998.00000 para validation(06)
Mensaje D / 00:25:10:715 / validation(06) / 00:03:00:000 para financial_manager(04)
Mensaje D / 00:25:10:715 / financial_manager(04) / 00:03:00:000 para top(01)
Mensaje D / 00:25:10:715 / top(01) / 00:03:00:000 para Root(00)
Mensaje * / 00:28:10:715 / Root(00) para top(01)
Mensaje * / 00:28:10:715 / top(01) para financial_manager(04)
Mensaje * / 00:28:10:715 / financial_manager(04) para validation(06)
Mensaje Y / 00:28:10:715 / validation(06) / result /      0.00000 para financial_manager(04)
Mensaje D / 00:28:10:715 / validation(06) / ... para financial_manager(04)
Mensaje X / 00:28:10:715 / financial_manager(04) / validation_result /      0.00000 para coverage_plan_manager(05)
Mensaje D / 00:28:10:715 / coverage_plan_manager(05) / 00:00:07:519 para financial_manager(04)
Mensaje D / 00:28:10:715 / financial_manager(04) / 00:00:07:519 para top(01)
Mensaje D / 00:28:10:715 / top(01) / 00:00:07:519 para Root(00)
Mensaje * / 00:28:18:234 / Root(00) para top(01)
Mensaje * / 00:28:18:234 / top(01) para financial_manager(04)
Mensaje * / 00:28:18:234 / financial_manager(04) para coverage_plan_manager(05)
Mensaje Y / 00:28:18:234 / coverage_plan_manager(05) / problem /    998.00000 para financial_manager(04)
Mensaje D / 00:28:18:234 / coverage_plan_manager(05) / ... para financial_manager(04)
Mensaje Y / 00:28:18:234 / financial_manager(04) / problem /    998.00000 para top(01)
Mensaje D / 00:28:18:234 / financial_manager(04) / ... para top(01)
Mensaje Y / 00:28:18:234 / top(01) / problem /    998.00000 para Root(00)
Mensaje X / 00:28:18:234 / top(01) / control_in /    998.00000 para financial_queue_control(03)
Mensaje D / 00:28:18:234 / financial_queue_control(03) / 00:00:04:168 para top(01)
Mensaje D / 00:28:18:234 / top(01) / 00:00:04:168 para Root(00)
Mensaje * / 00:28:22:402 / Root(00) para top(01)
Mensaje * / 00:28:22:402 / top(01) para financial_queue_control(03)
Mensaje Y / 00:28:22:402 / financial_queue_control(03) / control_out /      1.00000 para top(01)
Mensaje D / 00:28:22:402 / financial_queue_control(03) / ... para top(01)
Mensaje X / 00:28:22:402 / top(01) / release_next /      1.00000 para financial_queue(02)
Mensaje D / 00:28:22:402 / financial_queue(02) / ... para top(01)
Mensaje D / 00:28:22:402 / top(01) / ... para Root(00)
Mensaje X / 00:30:00:000 / Root(00) / call_in /    223.00000 para top(01)
Mensaje X / 00:30:00:000 / top(01) / call_in /    223.00000 para financial_queue(02)
Mensaje D / 00:30:00:000 / financial_queue(02) / 00:00:03:066 para top(01)
Mensaje D / 00:30:00:000 / top(01) / 00:00:03:066 para Root(00)
Mensaje * / 00:30:03:066 / Root(00) para top(01)
Mensaje * / 00:30:03:066 / top(01) para financial_queue(02)
Mensaje Y / 00:30:03:066 / financial_queue(02) / fq_out /    223.00000 para top(01)
Mensaje D / 00:30:03:066 / financial_queue(02) / ... para top(01)
Mensaje X / 00:30:03:066 / top(01) / call_in /    223.00000 para financial_manager(04)
Mensaje X / 00:30:03:066 / financial_manager(04) / call_in /    223.00000 para coverage_plan_manager(05)
Mensaje D / 00:30:03:066 / coverage_plan_manager(05) / 00:00:01:408 para financial_manager(04)
Mensaje D / 00:30:03:066 / financial_manager(04) / 00:00:01:408 para top(01)
Mensaje D / 00:30:03:066 / top(01) / 00:00:01:408 para Root(00)
Mensaje * / 00:30:04:474 / Root(00) para top(01)
Mensaje * / 00:30:04:474 / top(01) para financial_manager(04)
Mensaje * / 00:30:04:474 / financial_manager(04) para coverage_plan_manager(05)
Mensaje Y / 00:30:04:474 / coverage_plan_manager(05) / request_validation /    223.00000 para financial_manager(04)
Mensaje D / 00:30:04:474 / coverage_plan_manager(05) / ... para financial_manager(04)
Mensaje X / 00:30:04:474 / financial_manager(04) / request_validation /    223.00000 para validation(06)
Mensaje D / 00:30:04:474 / validation(06) / 00:03:00:000 para financial_manager(04)
Mensaje D / 00:30:04:474 / financial_manager(04) / 00:03:00:000 para top(01)
Mensaje D / 00:30:04:474 / top(01) / 00:03:00:000 para Root(00)
Mensaje * / 00:33:04:474 / Root(00) para top(01)
Mensaje * / 00:33:04:474 / top(01) para financial_manager(04)
Mensaje * / 00:33:04:474 / financial_manager(04) para validation(06)
Mensaje Y / 00:33:04:474 / validation(06) / result /      0.00000 para financial_manager(04)
Mensaje D / 00:33:04:474 / validation(06) / ... para financial_manager(04)
Mensaje X / 00:33:04:474 / financial_manager(04) / validation_result /      0.00000 para coverage_plan_manager(05)
Mensaje D / 00:33:04:474 / coverage_plan_manager(05) / 00:00:02:838 para financial_manager(04)
Mensaje D / 00:33:04:474 / financial_manager(04) / 00:00:02:838 para top(01)
Mensaje D / 00:33:04:474 / top(01) / 00:00:02:838 para Root(00)
Mensaje * / 00:33:07:312 / Root(00) para top(01)
Mensaje * / 00:33:07:312 / top(01) para financial_manager(04)
Mensaje * / 00:33:07:312 / financial_manager(04) para coverage_plan_manager(05)
Mensaje Y / 00:33:07:312 / coverage_plan_manager(05) / problem /    223.00000 para financial_manager(04)
Mensaje D / 00:33:07:312 / coverage_plan_manager(05) / ... para financial_manager(04)
Mensaje Y / 00:33:07:312 / financial_manager(04) / problem /    223.00000 para top(01)
Mensaje D / 00:33:07:312 / financial_manager(04) / ... para top(01)
Mensaje Y / 00:33:07:312 / top(01) / problem /    223.00000 para Root(00)
Mensaje X / 00:33:07:312 / top(01) / control_in /    223.00000 para financial_queue_control(03)
Mensaje D / 00:33:07:312 / financial_queue_control(03) / 00:00:04:453 para top(01)
Mensaje D / 00:33:07:312 / top(01) / 00:00:04:453 para Root(00)
Mensaje * / 00:33:11:765 / Root(00) para top(01)
Mensaje * / 00:33:11:765 / top(01) para financial_queue_control(03)
Mensaje Y / 00:33:11:765 / financial_queue_control(03) / control_out /      1.00000 para top(01)
Mensaje D / 00:33:11:765 / financial_queue_control(03) / ... para top(01)
Mensaje X / 00:33:11:765 / top(01) / release_next /      1.00000 para financial_queue(02)
Mensaje D / 00:33:11:765 / financial_queue(02) / ... para top(01)
Mensaje D / 00:33:11:765 / top(01) / ... para Root(00)
Mensaje X / 00:50:00:000 / Root(00) / call_in /    900.00000 para top(01)
Mensaje X / 00:50:00:000 / top(01) / call_in /    900.00000 para financial_queue(02)
Mensaje D / 00:50:00:000 / financial_queue(02) / 00:00:07:736 para top(01)
Mensaje D / 00:50:00:000 / top(01) / 00:00:07:736 para Root(00)
Mensaje * / 00:50:07:736 / Root(00) para top(01)
Mensaje * / 00:50:07:736 / top(01) para financial_queue(02)
Mensaje Y / 00:50:07:736 / financial_queue(02) / fq_out /    900.00000 para top(01)
Mensaje D / 00:50:07:736 / financial_queue(02) / ... para top(01)
Mensaje X / 00:50:07:736 / top(01) / call_in /    900.00000 para financial_manager(04)
Mensaje X / 00:50:07:736 / financial_manager(04) / call_in /    900.00000 para coverage_plan_manager(05)
Mensaje D / 00:50:07:736 / coverage_plan_manager(05) / 00:00:03:452 para financial_manager(04)
Mensaje D / 00:50:07:736 / financial_manager(04) / 00:00:03:452 para top(01)
Mensaje D / 00:50:07:736 / top(01) / 00:00:03:452 para Root(00)
Mensaje * / 00:50:11:188 / Root(00) para top(01)
Mensaje * / 00:50:11:188 / top(01) para financial_manager(04)
Mensaje * / 00:50:11:188 / financial_manager(04) para coverage_plan_manager(05)
Mensaje Y / 00:50:11:188 / coverage_plan_manager(05) / plan_ok /    900.00000 para financial_manager(04)
Mensaje D / 00:50:11:188 / coverage_plan_manager(05) / ... para financial_manager(04)
Mensaje Y / 00:50:11:188 / financial_manager(04) / plan_ok /    900.00000 para top(01)
Mensaje D / 00:50:11:188 / financial_manager(04) / ... para top(01)
Mensaje Y / 00:50:11:188 / top(01) / done /    900.00000 para Root(00)
Mensaje X / 00:50:11:188 / top(01) / control_in /    900.00000 para financial_queue_control(03)
Mensaje D / 00:50:11:188 / financial_queue_control(03) / 00:00:07:245 para top(01)
Mensaje D / 00:50:11:188 / top(01) / 00:00:07:245 para Root(00)
Mensaje * / 00:50:18:433 / Root(00) para top(01)
Mensaje * / 00:50:18:433 / top(01) para financial_queue_control(03)
Mensaje Y / 00:50:18:433 / financial_queue_control(03) / control_out /      1.00000 para top(01)
Mensaje D / 00:50:18:433 / financial_queue_control(03) / ... para top(01)
Mensaje X / 00:50:18:433 / top(01) / release_next /      1.00000 para financial_queue(02)
Mensaje D / 00:50:18:433 / financial_queue(02) / ... para top(01)
Mensaje D / 00:50:18:433 / top(01) / ... para Root(00)
Mensaje X / 00:59:00:000 / Root(00) / call_in /    111.00000 para top(01)
Mensaje X / 00:59:00:000 / top(01) / call_in /    111.00000 para financial_queue(02)
Mensaje D / 00:59:00:000 / financial_queue(02) / 00:00:02:765 para top(01)
Mensaje D / 00:59:00:000 / top(01) / 00:00:02:765 para Root(00)
Mensaje * / 00:59:02:765 / Root(00) para top(01)
Mensaje * / 00:59:02:765 / top(01) para financial_queue(02)
Mensaje Y / 00:59:02:765 / financial_queue(02) / fq_out /    111.00000 para top(01)
Mensaje D / 00:59:02:765 / financial_queue(02) / ... para top(01)
Mensaje X / 00:59:02:765 / top(01) / call_in /    111.00000 para financial_manager(04)
Mensaje X / 00:59:02:765 / financial_manager(04) / call_in /    111.00000 para coverage_plan_manager(05)
Mensaje D / 00:59:02:765 / coverage_plan_manager(05) / 00:00:04:225 para financial_manager(04)
Mensaje D / 00:59:02:765 / financial_manager(04) / 00:00:04:225 para top(01)
Mensaje D / 00:59:02:765 / top(01) / 00:00:04:225 para Root(00)
Mensaje * / 00:59:06:990 / Root(00) para top(01)
Mensaje * / 00:59:06:990 / top(01) para financial_manager(04)
Mensaje * / 00:59:06:990 / financial_manager(04) para coverage_plan_manager(05)
Mensaje Y / 00:59:06:990 / coverage_plan_manager(05) / plan_ok /    111.00000 para financial_manager(04)
Mensaje D / 00:59:06:990 / coverage_plan_manager(05) / ... para financial_manager(04)
Mensaje Y / 00:59:06:990 / financial_manager(04) / plan_ok /    111.00000 para top(01)
Mensaje D / 00:59:06:990 / financial_manager(04) / ... para top(01)
Mensaje Y / 00:59:06:990 / top(01) / done /    111.00000 para Root(00)
Mensaje X / 00:59:06:990 / top(01) / control_in /    111.00000 para financial_queue_control(03)
Mensaje D / 00:59:06:990 / financial_queue_control(03) / 00:00:03:675 para top(01)
Mensaje D / 00:59:06:990 / top(01) / 00:00:03:675 para Root(00)
Mensaje * / 00:59:10:665 / Root(00) para top(01)
Mensaje * / 00:59:10:665 / top(01) para financial_queue_control(03)
Mensaje Y / 00:59:10:665 / financial_queue_control(03) / control_out /      1.00000 para top(01)
Mensaje D / 00:59:10:665 / financial_queue_control(03) / ... para top(01)
Mensaje X / 00:59:10:665 / top(01) / release_next /      1.00000 para financial_queue(02)
Mensaje D / 00:59:10:665 / financial_queue(02) / ... para top(01)
Mensaje D / 00:59:10:665 / top(01) / ... para Root(00)
